[debug] [2020-09-11T20:23:20.259Z] ----------------------------------------------------------------------
[debug] [2020-09-11T20:23:20.261Z] Command:       /usr/bin/node /usr/local/bin/firebase emulators:start --only functions
[debug] [2020-09-11T20:23:20.261Z] CLI Version:   8.9.0
[debug] [2020-09-11T20:23:20.261Z] Platform:      linux
[debug] [2020-09-11T20:23:20.261Z] Node Version:  v10.19.0
[debug] [2020-09-11T20:23:20.263Z] Time:          Fri Sep 11 2020 21:23:20 GMT+0100 (British Summer Time)
[debug] [2020-09-11T20:23:20.263Z] ----------------------------------------------------------------------
[debug] [2020-09-11T20:23:20.263Z] 
[debug] [2020-09-11T20:23:20.274Z] > command requires scopes: ["email","openid","https://www.googleapis.com/auth/cloudplatformprojects.readonly","https://www.googleapis.com/auth/firebase","https://www.googleapis.com/auth/cloud-platform"]
[debug] [2020-09-11T20:23:20.275Z] > authorizing via signed-in user
[info] i  emulators: Starting emulators: functions {"metadata":{"emulator":{"name":"hub"},"message":"Starting emulators: functions"}}
[warn] ⚠  emulators: It seems that you are running multiple instances of the emulator suite for project fonz-music-app. This may result in unexpected behavior. 
[debug] [2020-09-11T20:23:20.310Z] [hub] writing locator at /tmp/hub-fonz-music-app.json
[debug] [2020-09-11T20:23:20.336Z] defaultcredentials: writing to file /home/adminn/.config/firebase/contact_dermotobrien_me_application_default_credentials.json
[debug] [2020-09-11T20:23:20.339Z] Setting GAC to /home/adminn/.config/firebase/contact_dermotobrien_me_application_default_credentials.json {"metadata":{"emulator":{"name":"functions"},"message":"Setting GAC to /home/adminn/.config/firebase/contact_dermotobrien_me_application_default_credentials.json"}}
[warn] ⚠  functions: The following emulators are not running, calls to these services from the Functions emulator will affect production: firestore, database, hosting, pubsub {"metadata":{"emulator":{"name":"functions"},"message":"The following emulators are not running, calls to these services from the Functions emulator will affect production: \u001b[1mfirestore, database, hosting, pubsub\u001b[22m"}}
[info] ✔  functions: Using node@10 from host. {"metadata":{"emulator":{"name":"functions"},"message":"Using node@10 from host."}}
[debug] [2020-09-11T20:23:20.385Z] Ignoring unsupported arg: auto_download {"metadata":{"emulator":{"name":"ui"},"message":"Ignoring unsupported arg: auto_download"}}
[debug] [2020-09-11T20:23:20.385Z] Ignoring unsupported arg: port {"metadata":{"emulator":{"name":"ui"},"message":"Ignoring unsupported arg: port"}}
[debug] [2020-09-11T20:23:20.385Z] Starting Emulator UI with command {"binary":"node","args":["/home/adminn/.cache/firebase/emulators/ui-v1.1.1/server.bundle.js"],"optionalArgs":[],"joinArgs":false} {"metadata":{"emulator":{"name":"ui"},"message":"Starting Emulator UI with command {\"binary\":\"node\",\"args\":[\"/home/adminn/.cache/firebase/emulators/ui-v1.1.1/server.bundle.js\"],\"optionalArgs\":[],\"joinArgs\":false}"}}
[info] i  ui: Emulator UI logging to ui-debug.log {"metadata":{"emulator":{"name":"ui"},"message":"Emulator UI logging to \u001b[1mui-debug.log\u001b[22m"}}
[debug] [2020-09-11T20:23:20.911Z] Web / API server started at http://localhost:4000
 {"metadata":{"emulator":{"name":"ui"},"message":"Web / API server started at http://localhost:4000\n"}}
[info] i  functions: Watching "/mnt/c/Users/dermo/Documents/Projects/Spotify/fonzi-api/functions" for Cloud Functions... {"metadata":{"emulator":{"name":"functions"},"message":"Watching \"/mnt/c/Users/dermo/Documents/Projects/Spotify/fonzi-api/functions\" for Cloud Functions..."}}
[debug] [2020-09-11T20:23:20.938Z] [worker-pool] addWorker(~diagnostic~) {"metadata":{"emulator":{"name":"functions"},"message":"[worker-pool] addWorker(~diagnostic~)"}}
[debug] [2020-09-11T20:23:20.938Z] [worker-pool] Adding worker with key ~diagnostic~, total=1 {"metadata":{"emulator":{"name":"functions"},"message":"[worker-pool] Adding worker with key ~diagnostic~, total=1"}}
[debug] [2020-09-11T20:23:20.938Z] [worker-pool] submitWork(triggerId=) {"metadata":{"emulator":{"name":"functions"},"message":"[worker-pool] submitWork(triggerId=)"}}
[debug] [2020-09-11T20:23:20.939Z] [worker-~diagnostic~-d1392d13-c334-4153-bc5b-eb44f55f7799]: Assigning socketPath: /tmp/fire_emu_1035.sock {"metadata":{"emulator":{"name":"functions"},"message":"[worker-~diagnostic~-d1392d13-c334-4153-bc5b-eb44f55f7799]: Assigning socketPath: /tmp/fire_emu_1035.sock"}}
[debug] [2020-09-11T20:23:20.940Z] [worker-~diagnostic~-d1392d13-c334-4153-bc5b-eb44f55f7799]: BUSY {"metadata":{"emulator":{"name":"functions"},"message":"[worker-~diagnostic~-d1392d13-c334-4153-bc5b-eb44f55f7799]: BUSY"}}
[debug] [2020-09-11T20:23:21.972Z] [runtime-status] [1035] Functions runtime initialized. {"cwd":"/mnt/c/Users/dermo/Documents/Projects/Spotify/fonzi-api/functions","node_version":"10.19.0"} {"metadata":{"emulator":{"name":"functions"},"message":"[runtime-status] [1035] Functions runtime initialized. {\"cwd\":\"/mnt/c/Users/dermo/Documents/Projects/Spotify/fonzi-api/functions\",\"node_version\":\"10.19.0\"}"}}
[debug] [2020-09-11T20:23:21.973Z] [runtime-status] [1035] Disabled runtime features: undefined {"metadata":{"emulator":{"name":"functions"},"message":"[runtime-status] [1035] Disabled runtime features: undefined"}}
[debug] [2020-09-11T20:23:21.976Z] [runtime-status] [1035] Resolved module firebase-admin {"declared":true,"installed":true,"version":"8.13.0","resolution":"/mnt/c/Users/dermo/Documents/Projects/Spotify/fonzi-api/functions/node_modules/firebase-admin/lib/index.js"} {"metadata":{"emulator":{"name":"functions"},"message":"[runtime-status] [1035] Resolved module firebase-admin {\"declared\":true,\"installed\":true,\"version\":\"8.13.0\",\"resolution\":\"/mnt/c/Users/dermo/Documents/Projects/Spotify/fonzi-api/functions/node_modules/firebase-admin/lib/index.js\"}"}}
[debug] [2020-09-11T20:23:21.978Z] [runtime-status] [1035] Resolved module firebase-functions {"declared":true,"installed":true,"version":"3.11.0","resolution":"/mnt/c/Users/dermo/Documents/Projects/Spotify/fonzi-api/functions/node_modules/firebase-functions/lib/index.js"} {"metadata":{"emulator":{"name":"functions"},"message":"[runtime-status] [1035] Resolved module firebase-functions {\"declared\":true,\"installed\":true,\"version\":\"3.11.0\",\"resolution\":\"/mnt/c/Users/dermo/Documents/Projects/Spotify/fonzi-api/functions/node_modules/firebase-functions/lib/index.js\"}"}}
[debug] [2020-09-11T20:23:21.979Z] [runtime-status] [1035] Resolved module firebase-functions {"declared":true,"installed":true,"version":"3.11.0","resolution":"/mnt/c/Users/dermo/Documents/Projects/Spotify/fonzi-api/functions/node_modules/firebase-functions/lib/index.js"} {"metadata":{"emulator":{"name":"functions"},"message":"[runtime-status] [1035] Resolved module firebase-functions {\"declared\":true,\"installed\":true,\"version\":\"3.11.0\",\"resolution\":\"/mnt/c/Users/dermo/Documents/Projects/Spotify/fonzi-api/functions/node_modules/firebase-functions/lib/index.js\"}"}}
[debug] [2020-09-11T20:23:21.985Z] [runtime-status] [1035] Outgoing network have been stubbed. [{"name":"http","status":"mocked"},{"name":"http","status":"mocked"},{"name":"https","status":"mocked"},{"name":"https","status":"mocked"},{"name":"net","status":"mocked"}] {"metadata":{"emulator":{"name":"functions"},"message":"[runtime-status] [1035] Outgoing network have been stubbed. [{\"name\":\"http\",\"status\":\"mocked\"},{\"name\":\"http\",\"status\":\"mocked\"},{\"name\":\"https\",\"status\":\"mocked\"},{\"name\":\"https\",\"status\":\"mocked\"},{\"name\":\"net\",\"status\":\"mocked\"}]"}}
[debug] [2020-09-11T20:23:21.986Z] [runtime-status] [1035] Resolved module firebase-functions {"declared":true,"installed":true,"version":"3.11.0","resolution":"/mnt/c/Users/dermo/Documents/Projects/Spotify/fonzi-api/functions/node_modules/firebase-functions/lib/index.js"} {"metadata":{"emulator":{"name":"functions"},"message":"[runtime-status] [1035] Resolved module firebase-functions {\"declared\":true,\"installed\":true,\"version\":\"3.11.0\",\"resolution\":\"/mnt/c/Users/dermo/Documents/Projects/Spotify/fonzi-api/functions/node_modules/firebase-functions/lib/index.js\"}"}}
[debug] [2020-09-11T20:23:22.047Z] [runtime-status] [1035] Checked functions.config() {"config":{}} {"metadata":{"emulator":{"name":"functions"},"message":"[runtime-status] [1035] Checked functions.config() {\"config\":{}}"}}
[debug] [2020-09-11T20:23:22.048Z] [runtime-status] [1035] firebase-functions has been stubbed. {"functionsResolution":{"declared":true,"installed":true,"version":"3.11.0","resolution":"/mnt/c/Users/dermo/Documents/Projects/Spotify/fonzi-api/functions/node_modules/firebase-functions/lib/index.js"}} {"metadata":{"emulator":{"name":"functions"},"message":"[runtime-status] [1035] firebase-functions has been stubbed. {\"functionsResolution\":{\"declared\":true,\"installed\":true,\"version\":\"3.11.0\",\"resolution\":\"/mnt/c/Users/dermo/Documents/Projects/Spotify/fonzi-api/functions/node_modules/firebase-functions/lib/index.js\"}}"}}
[debug] [2020-09-11T20:23:22.048Z] [runtime-status] [1035] Resolved module firebase-functions {"declared":true,"installed":true,"version":"3.11.0","resolution":"/mnt/c/Users/dermo/Documents/Projects/Spotify/fonzi-api/functions/node_modules/firebase-functions/lib/index.js"} {"metadata":{"emulator":{"name":"functions"},"message":"[runtime-status] [1035] Resolved module firebase-functions {\"declared\":true,\"installed\":true,\"version\":\"3.11.0\",\"resolution\":\"/mnt/c/Users/dermo/Documents/Projects/Spotify/fonzi-api/functions/node_modules/firebase-functions/lib/index.js\"}"}}
[debug] [2020-09-11T20:23:22.050Z] [runtime-status] [1035] Resolved module firebase-admin {"declared":true,"installed":true,"version":"8.13.0","resolution":"/mnt/c/Users/dermo/Documents/Projects/Spotify/fonzi-api/functions/node_modules/firebase-admin/lib/index.js"} {"metadata":{"emulator":{"name":"functions"},"message":"[runtime-status] [1035] Resolved module firebase-admin {\"declared\":true,\"installed\":true,\"version\":\"8.13.0\",\"resolution\":\"/mnt/c/Users/dermo/Documents/Projects/Spotify/fonzi-api/functions/node_modules/firebase-admin/lib/index.js\"}"}}
[debug] [2020-09-11T20:23:22.051Z] [runtime-status] [1035] Resolved module firebase-functions {"declared":true,"installed":true,"version":"3.11.0","resolution":"/mnt/c/Users/dermo/Documents/Projects/Spotify/fonzi-api/functions/node_modules/firebase-functions/lib/index.js"} {"metadata":{"emulator":{"name":"functions"},"message":"[runtime-status] [1035] Resolved module firebase-functions {\"declared\":true,\"installed\":true,\"version\":\"3.11.0\",\"resolution\":\"/mnt/c/Users/dermo/Documents/Projects/Spotify/fonzi-api/functions/node_modules/firebase-functions/lib/index.js\"}"}}
[debug] [2020-09-11T20:23:22.051Z] [runtime-status] [1035] firebase-admin has been stubbed. {"adminResolution":{"declared":true,"installed":true,"version":"8.13.0","resolution":"/mnt/c/Users/dermo/Documents/Projects/Spotify/fonzi-api/functions/node_modules/firebase-admin/lib/index.js"}} {"metadata":{"emulator":{"name":"functions"},"message":"[runtime-status] [1035] firebase-admin has been stubbed. {\"adminResolution\":{\"declared\":true,\"installed\":true,\"version\":\"8.13.0\",\"resolution\":\"/mnt/c/Users/dermo/Documents/Projects/Spotify/fonzi-api/functions/node_modules/firebase-admin/lib/index.js\"}}"}}
[debug] [2020-09-11T20:23:22.054Z] [runtime-status] [1035] initializeApp(DEFAULT) {"credential":{"implicit":true,"refreshToken":{"clientId":"563584335869-fgrhgmd47bqnekij5i8b5pr03ho849e6.apps.googleusercontent.com","clientSecret":"j9iVZfS8kkCEFUPaAeJV0sAi","refreshToken":"1//0781BjaAwyHEjCgYIARAAGAcSNwF-L9IrJKHIy-snKJjZPjNmY-Bryr65gHjL_L5qeHuPRCb4os31rNWEGLa8e-G_Gnb4NgOYFXk","type":"authorized_user"},"httpClient":{"retry":{"maxRetries":4,"statusCodes":[503],"ioErrorCodes":["ECONNRESET","ETIMEDOUT"],"backOffFactor":0.5,"maxDelayInMillis":60000}}}} {"metadata":{"emulator":{"name":"functions"},"message":"[runtime-status] [1035] initializeApp(DEFAULT) {\"credential\":{\"implicit\":true,\"refreshToken\":{\"clientId\":\"563584335869-fgrhgmd47bqnekij5i8b5pr03ho849e6.apps.googleusercontent.com\",\"clientSecret\":\"j9iVZfS8kkCEFUPaAeJV0sAi\",\"refreshToken\":\"1//0781BjaAwyHEjCgYIARAAGAcSNwF-L9IrJKHIy-snKJjZPjNmY-Bryr65gHjL_L5qeHuPRCb4os31rNWEGLa8e-G_Gnb4NgOYFXk\",\"type\":\"authorized_user\"},\"httpClient\":{\"retry\":{\"maxRetries\":4,\"statusCodes\":[503],\"ioErrorCodes\":[\"ECONNRESET\",\"ETIMEDOUT\"],\"backOffFactor\":0.5,\"maxDelayInMillis\":60000}}}}"}}
[warn] ⚠  functions: The Cloud Firestore emulator is not running, so calls to Firestore will affect production. {"metadata":{"emulator":{"name":"functions"},"message":"The Cloud Firestore emulator is not running, so calls to Firestore will affect production."}}
[info] ✔  functions[api]: http function initialized (http://localhost:5001/fonz-music-app/us-central1/api). {"metadata":{"emulator":{"name":"functions"},"message":"\u001b[1mhttp\u001b[22m function initialized (http://localhost:5001/fonz-music-app/us-central1/api)."}}
[info] ✔  functions[speedTest]: http function initialized (http://localhost:5001/fonz-music-app/us-central1/speedTest). {"metadata":{"emulator":{"name":"functions"},"message":"\u001b[1mhttp\u001b[22m function initialized (http://localhost:5001/fonz-music-app/us-central1/speedTest)."}}
[info] 
┌───────────────────────────────────────────────────────────────────────┐
│ ✔  All emulators ready! View status and logs at http://localhost:4000 │
└───────────────────────────────────────────────────────────────────────┘

┌───────────┬────────────────┬─────────────────────────────────┐
│ Emulator  │ Host:Port      │ View in Emulator UI             │
├───────────┼────────────────┼─────────────────────────────────┤
│ Functions │ localhost:5001 │ http://localhost:4000/functions │
└───────────┴────────────────┴─────────────────────────────────┘
  Other reserved ports: 4400, 4500

Issues? Report them at https://github.com/firebase/firebase-tools/issues and attach the *-debug.log files.
 
[debug] [2020-09-11T20:23:22.892Z] [worker-~diagnostic~-d1392d13-c334-4153-bc5b-eb44f55f7799]: IDLE {"metadata":{"emulator":{"name":"functions"},"message":"[worker-~diagnostic~-d1392d13-c334-4153-bc5b-eb44f55f7799]: IDLE"}}
